[2019-11-28 06-58-52] Notice: Array to string conversion in /home/leapqlwv/progressmedia.dev/manage/content/loan/overview.php:17  @  https://manage.progressmedia.dev/content/loan/  @@  error--2019-11-28--06-58--b1199b9ec0.html
[2019-11-28 07-15-40] Notice: Array to string conversion in /home/leapqlwv/progressmedia.dev/manage/content/loan/overview.php:21  @  https://manage.progressmedia.dev/content/loan/  @@  error--2019-11-28--07-15--18f98372de.html
[2019-11-28 07-15-40] Notice: Array to string conversion in /home/leapqlwv/progressmedia.dev/manage/content/loan/overview.php:21  @  https://manage.progressmedia.dev/content/loan/  @@  error--2019-11-28--07-15--18f98372de.html
[2019-11-28 07-23-51] Notice: Array to string conversion in /home/leapqlwv/progressmedia.dev/manage/content/loan/overview.php:21  @  https://manage.progressmedia.dev/content/loan/  @@  error--2019-11-28--07-15--18f98372de.html
[2019-11-28 07-23-51] Notice: Array to string conversion in /home/leapqlwv/progressmedia.dev/manage/content/loan/overview.php:21  @  https://manage.progressmedia.dev/content/loan/  @@  error--2019-11-28--07-15--18f98372de.html
[2019-11-28 07-24-17] Notice: Array to string conversion in /home/leapqlwv/progressmedia.dev/manage/content/loan/overview.php:21  @  https://manage.progressmedia.dev/content/loan/  @@  error--2019-11-28--07-15--18f98372de.html
[2019-11-28 07-24-17] Notice: Array to string conversion in /home/leapqlwv/progressmedia.dev/manage/content/loan/overview.php:21  @  https://manage.progressmedia.dev/content/loan/  @@  error--2019-11-28--07-15--18f98372de.html
[2019-11-28 07-27-21] Notice: Array to string conversion in /home/leapqlwv/progressmedia.dev/manage/content/loan/overview.php:21  @  https://manage.progressmedia.dev/content/loan/  @@  error--2019-11-28--07-15--18f98372de.html
[2019-11-28 07-27-21] Notice: Array to string conversion in /home/leapqlwv/progressmedia.dev/manage/content/loan/overview.php:21  @  https://manage.progressmedia.dev/content/loan/  @@  error--2019-11-28--07-15--18f98372de.html
[2019-11-28 07-28-49] Notice: Array to string conversion in /home/leapqlwv/progressmedia.dev/manage/content/loan/overview.php:21  @  https://manage.progressmedia.dev/content/loan/  @@  error--2019-11-28--07-15--18f98372de.html
[2019-11-28 07-28-49] Notice: Array to string conversion in /home/leapqlwv/progressmedia.dev/manage/content/loan/overview.php:21  @  https://manage.progressmedia.dev/content/loan/  @@  error--2019-11-28--07-15--18f98372de.html
[2019-11-28 10-57-16] Notice: Undefined index: userId in /home/leapqlwv/progressmedia.dev/manage/app/includes/header.php:17  @  https://manage.progressmedia.dev/  @@  error--2019-11-28--10-57--e2cabe4139.html
[2019-11-28 10-57-16] Notice: Trying to get property 'name' of non-object in /home/leapqlwv/progressmedia.dev/manage/app/includes/header.php:65  @  https://manage.progressmedia.dev/  @@  error--2019-11-28--10-57--dc90883bbb.html
[2019-11-28 14-39-14] Notice: Undefined index: userId in /home/leapqlwv/progressmedia.dev/manage/app/includes/header.php:17  @  https://manage.progressmedia.dev/content/partials/  @@  error--2019-11-28--14-39--e1d36c567f.html
[2019-11-28 14-39-14] Notice: Trying to get property 'name' of non-object in /home/leapqlwv/progressmedia.dev/manage/app/includes/header.php:65  @  https://manage.progressmedia.dev/content/partials/  @@  error--2019-11-28--14-39--071e8de6f3.html
[2019-11-28 15-05-17] Notice: Undefined property: stdClass::$original_name in /home/leapqlwv/progressmedia.dev/manage/contacts/import/files.php:102  @  https://manage.progressmedia.dev/contacts/files  @@  error--2019-11-28--15-05--5affd38578.html
[2019-11-28 15-05-17] Notice: Undefined property: stdClass::$created in /home/leapqlwv/progressmedia.dev/manage/contacts/import/files.php:103  @  https://manage.progressmedia.dev/contacts/files  @@  error--2019-11-28--15-05--4b338b22f0.html
[2019-11-28 15-05-17] Notice: Undefined property: stdClass::$original_name in /home/leapqlwv/progressmedia.dev/manage/contacts/import/files.php:102  @  https://manage.progressmedia.dev/contacts/files  @@  error--2019-11-28--15-05--5affd38578.html
[2019-11-28 15-05-17] Notice: Undefined property: stdClass::$created in /home/leapqlwv/progressmedia.dev/manage/contacts/import/files.php:103  @  https://manage.progressmedia.dev/contacts/files  @@  error--2019-11-28--15-05--4b338b22f0.html
[2019-11-28 16-05-14] Notice: Undefined index: userId in /home/leapqlwv/progressmedia.dev/manage/app/includes/header.php:17  @  https://manage.progressmedia.dev/content/loan/  @@  error--2019-11-28--16-05--e992cd63f9.html
[2019-11-28 16-05-14] Notice: Trying to get property 'name' of non-object in /home/leapqlwv/progressmedia.dev/manage/app/includes/header.php:65  @  https://manage.progressmedia.dev/content/loan/  @@  error--2019-11-28--16-05--0cc5884ca8.html
[2019-11-29 05-18-39] Notice: Undefined index: userId in /home/leapqlwv/progressmedia.dev/manage/app/includes/header.php:17  @  https://manage.progressmedia.dev/  @@  error--2019-11-28--10-57--e2cabe4139.html
[2019-11-29 05-18-39] Notice: Trying to get property 'name' of non-object in /home/leapqlwv/progressmedia.dev/manage/app/includes/header.php:65  @  https://manage.progressmedia.dev/  @@  error--2019-11-28--10-57--dc90883bbb.html
[2019-11-29 05-20-31] Notice: Undefined property: stdClass::$original_name in /home/leapqlwv/progressmedia.dev/manage/contacts/import/files.php:102  @  https://manage.progressmedia.dev/contacts/files  @@  error--2019-11-28--15-05--5affd38578.html
[2019-11-29 05-20-31] Notice: Undefined property: stdClass::$created in /home/leapqlwv/progressmedia.dev/manage/contacts/import/files.php:103  @  https://manage.progressmedia.dev/contacts/files  @@  error--2019-11-28--15-05--4b338b22f0.html
[2019-11-29 05-20-31] Notice: Undefined property: stdClass::$original_name in /home/leapqlwv/progressmedia.dev/manage/contacts/import/files.php:102  @  https://manage.progressmedia.dev/contacts/files  @@  error--2019-11-28--15-05--5affd38578.html
[2019-11-29 05-20-31] Notice: Undefined property: stdClass::$created in /home/leapqlwv/progressmedia.dev/manage/contacts/import/files.php:103  @  https://manage.progressmedia.dev/contacts/files  @@  error--2019-11-28--15-05--4b338b22f0.html
[2019-11-29 05-31-50] Notice: Undefined property: stdClass::$original_name in /home/leapqlwv/progressmedia.dev/manage/contacts/import/files.php:102  @  https://manage.progressmedia.dev/contacts/files  @@  error--2019-11-28--15-05--5affd38578.html
[2019-11-29 05-31-50] Notice: Undefined property: stdClass::$created in /home/leapqlwv/progressmedia.dev/manage/contacts/import/files.php:103  @  https://manage.progressmedia.dev/contacts/files  @@  error--2019-11-28--15-05--4b338b22f0.html
[2019-11-29 05-31-50] Notice: Undefined property: stdClass::$original_name in /home/leapqlwv/progressmedia.dev/manage/contacts/import/files.php:102  @  https://manage.progressmedia.dev/contacts/files  @@  error--2019-11-28--15-05--5affd38578.html
[2019-11-29 05-31-50] Notice: Undefined property: stdClass::$created in /home/leapqlwv/progressmedia.dev/manage/contacts/import/files.php:103  @  https://manage.progressmedia.dev/contacts/files  @@  error--2019-11-28--15-05--4b338b22f0.html
[2019-12-02 06-55-16] Notice: Undefined index: userId in /home/leapqlwv/progressmedia.dev/manage/app/includes/header.php:17  @  https://manage.progressmedia.dev/  @@  error--2019-11-28--10-57--e2cabe4139.html
[2019-12-02 06-55-16] Notice: Trying to get property 'name' of non-object in /home/leapqlwv/progressmedia.dev/manage/app/includes/header.php:65  @  https://manage.progressmedia.dev/  @@  error--2019-11-28--10-57--dc90883bbb.html
[2019-12-02 22-08-24] Notice: Undefined index: userId in /home/leapqlwv/progressmedia.dev/manage/app/includes/header.php:17  @  https://manage.progressmedia.dev/  @@  error--2019-11-28--10-57--e2cabe4139.html
[2019-12-02 22-08-24] Notice: Trying to get property 'name' of non-object in /home/leapqlwv/progressmedia.dev/manage/app/includes/header.php:65  @  https://manage.progressmedia.dev/  @@  error--2019-11-28--10-57--dc90883bbb.html
[2019-12-03 11-21-32] Notice: Undefined index: userId in /home/leapqlwv/progressmedia.dev/manage/app/includes/header.php:17  @  https://manage.progressmedia.dev/  @@  error--2019-11-28--10-57--e2cabe4139.html
[2019-12-03 11-21-32] Notice: Trying to get property 'name' of non-object in /home/leapqlwv/progressmedia.dev/manage/app/includes/header.php:65  @  https://manage.progressmedia.dev/  @@  error--2019-11-28--10-57--dc90883bbb.html
[2019-12-03 14-02-30] Notice: Undefined index: userId in /home/leapqlwv/progressmedia.dev/manage/app/includes/header.php:17  @  https://manage.progressmedia.dev/  @@  error--2019-11-28--10-57--e2cabe4139.html
[2019-12-03 14-02-30] Notice: Trying to get property 'name' of non-object in /home/leapqlwv/progressmedia.dev/manage/app/includes/header.php:65  @  https://manage.progressmedia.dev/  @@  error--2019-11-28--10-57--dc90883bbb.html
[2019-12-03 15-57-19] Notice: Undefined index: userId in /home/leapqlwv/progressmedia.dev/manage/app/includes/header.php:17  @  https://manage.progressmedia.dev/  @@  error--2019-11-28--10-57--e2cabe4139.html
[2019-12-03 15-57-19] Notice: Trying to get property 'name' of non-object in /home/leapqlwv/progressmedia.dev/manage/app/includes/header.php:65  @  https://manage.progressmedia.dev/  @@  error--2019-11-28--10-57--dc90883bbb.html
[2019-12-09 15-40-40] Notice: Undefined index: userId in /home/leapqlwv/progressmedia.dev/manage/app/includes/header.php:17  @  https://manage.progressmedia.dev/  @@  error--2019-11-28--10-57--e2cabe4139.html
[2019-12-09 15-40-40] Notice: Trying to get property 'name' of non-object in /home/leapqlwv/progressmedia.dev/manage/app/includes/header.php:65  @  https://manage.progressmedia.dev/  @@  error--2019-11-28--10-57--dc90883bbb.html
[2019-12-09 16-08-03] Notice: Undefined variable: leapSite in /home/leapqlwv/progressmedia.dev/manage/content/loan/overview.php:12  @  https://manage.progressmedia.dev/content/loan/  @@  error--2019-12-09--16-08--9ceea613ac.html
[2019-12-11 05-53-50] Notice: Undefined index: userId in /home/leapqlwv/progressmedia.dev/manage/app/includes/header.php:17  @  https://manage.progressmedia.dev/  @@  error--2019-11-28--10-57--e2cabe4139.html
[2019-12-11 05-53-50] Notice: Trying to get property 'name' of non-object in /home/leapqlwv/progressmedia.dev/manage/app/includes/header.php:65  @  https://manage.progressmedia.dev/  @@  error--2019-11-28--10-57--dc90883bbb.html
[2019-12-11 06-30-27] Notice: Undefined property: stdClass::$original_name in /home/leapqlwv/progressmedia.dev/manage/contacts/import/files.php:102  @  https://manage.progressmedia.dev/contacts/files  @@  error--2019-11-28--15-05--5affd38578.html
[2019-12-11 06-30-27] Notice: Undefined property: stdClass::$created in /home/leapqlwv/progressmedia.dev/manage/contacts/import/files.php:103  @  https://manage.progressmedia.dev/contacts/files  @@  error--2019-11-28--15-05--4b338b22f0.html
[2019-12-11 06-30-27] Notice: Undefined property: stdClass::$original_name in /home/leapqlwv/progressmedia.dev/manage/contacts/import/files.php:102  @  https://manage.progressmedia.dev/contacts/files  @@  error--2019-11-28--15-05--5affd38578.html
[2019-12-11 06-30-27] Notice: Undefined property: stdClass::$created in /home/leapqlwv/progressmedia.dev/manage/contacts/import/files.php:103  @  https://manage.progressmedia.dev/contacts/files  @@  error--2019-11-28--15-05--4b338b22f0.html
[2019-12-11 06-30-30] Notice: Undefined property: stdClass::$original_name in /home/leapqlwv/progressmedia.dev/manage/contacts/import/files.php:102  @  https://manage.progressmedia.dev/contacts/files  @@  error--2019-11-28--15-05--5affd38578.html
[2019-12-11 06-30-30] Notice: Undefined property: stdClass::$created in /home/leapqlwv/progressmedia.dev/manage/contacts/import/files.php:103  @  https://manage.progressmedia.dev/contacts/files  @@  error--2019-11-28--15-05--4b338b22f0.html
[2019-12-11 06-30-30] Notice: Undefined property: stdClass::$original_name in /home/leapqlwv/progressmedia.dev/manage/contacts/import/files.php:102  @  https://manage.progressmedia.dev/contacts/files  @@  error--2019-11-28--15-05--5affd38578.html
[2019-12-11 06-30-30] Notice: Undefined property: stdClass::$created in /home/leapqlwv/progressmedia.dev/manage/contacts/import/files.php:103  @  https://manage.progressmedia.dev/contacts/files  @@  error--2019-11-28--15-05--4b338b22f0.html
[2019-12-11 06-36-34] Notice: Undefined property: stdClass::$original_name in /home/leapqlwv/progressmedia.dev/manage/contacts/import/files.php:102  @  https://manage.progressmedia.dev/contacts/files  @@  error--2019-11-28--15-05--5affd38578.html
[2019-12-11 06-36-34] Notice: Undefined property: stdClass::$created in /home/leapqlwv/progressmedia.dev/manage/contacts/import/files.php:103  @  https://manage.progressmedia.dev/contacts/files  @@  error--2019-11-28--15-05--4b338b22f0.html
[2019-12-11 06-36-34] Notice: Undefined property: stdClass::$original_name in /home/leapqlwv/progressmedia.dev/manage/contacts/import/files.php:102  @  https://manage.progressmedia.dev/contacts/files  @@  error--2019-11-28--15-05--5affd38578.html
[2019-12-11 06-36-34] Notice: Undefined property: stdClass::$created in /home/leapqlwv/progressmedia.dev/manage/contacts/import/files.php:103  @  https://manage.progressmedia.dev/contacts/files  @@  error--2019-11-28--15-05--4b338b22f0.html
[2019-12-11 06-37-31] Notice: Undefined property: stdClass::$original_name in /home/leapqlwv/progressmedia.dev/manage/contacts/import/files.php:102  @  https://manage.progressmedia.dev/contacts/files  @@  error--2019-11-28--15-05--5affd38578.html
[2019-12-11 06-37-31] Notice: Undefined property: stdClass::$created in /home/leapqlwv/progressmedia.dev/manage/contacts/import/files.php:103  @  https://manage.progressmedia.dev/contacts/files  @@  error--2019-11-28--15-05--4b338b22f0.html
[2019-12-11 06-37-31] Notice: Undefined property: stdClass::$original_name in /home/leapqlwv/progressmedia.dev/manage/contacts/import/files.php:102  @  https://manage.progressmedia.dev/contacts/files  @@  error--2019-11-28--15-05--5affd38578.html
[2019-12-11 06-37-31] Notice: Undefined property: stdClass::$created in /home/leapqlwv/progressmedia.dev/manage/contacts/import/files.php:103  @  https://manage.progressmedia.dev/contacts/files  @@  error--2019-11-28--15-05--4b338b22f0.html
[2019-12-11 06-37-33] Notice: Undefined property: stdClass::$original_name in /home/leapqlwv/progressmedia.dev/manage/contacts/import/files.php:102  @  https://manage.progressmedia.dev/contacts/files  @@  error--2019-11-28--15-05--5affd38578.html
[2019-12-11 06-37-33] Notice: Undefined property: stdClass::$created in /home/leapqlwv/progressmedia.dev/manage/contacts/import/files.php:103  @  https://manage.progressmedia.dev/contacts/files  @@  error--2019-11-28--15-05--4b338b22f0.html
[2019-12-11 06-37-33] Notice: Undefined property: stdClass::$original_name in /home/leapqlwv/progressmedia.dev/manage/contacts/import/files.php:102  @  https://manage.progressmedia.dev/contacts/files  @@  error--2019-11-28--15-05--5affd38578.html
[2019-12-11 06-37-33] Notice: Undefined property: stdClass::$created in /home/leapqlwv/progressmedia.dev/manage/contacts/import/files.php:103  @  https://manage.progressmedia.dev/contacts/files  @@  error--2019-11-28--15-05--4b338b22f0.html
